[debug] [2024-05-31T04:40:45.392Z] ----------------------------------------------------------------------
[debug] [2024-05-31T04:40:45.394Z] Command:       C:\Program Files\nodejs\node.exe C:\Users\Nahomi K\AppData\Roaming\npm\node_modules\firebase-tools\lib\bin\firebase.js emulators:start --only functions
[debug] [2024-05-31T04:40:45.395Z] CLI Version:   13.10.2
[debug] [2024-05-31T04:40:45.395Z] Platform:      win32
[debug] [2024-05-31T04:40:45.395Z] Node Version:  v20.11.1
[debug] [2024-05-31T04:40:45.395Z] Time:          Fri May 31 2024 00:40:45 GMT-0400 (Eastern Daylight Time)
[debug] [2024-05-31T04:40:45.395Z] ----------------------------------------------------------------------
[debug] 
[debug] [2024-05-31T04:40:45.399Z] >>> [apiv2][query] GET https://firebase-public.firebaseio.com/cli.json [none]
[debug] [2024-05-31T04:40:45.590Z] > command requires scopes: ["email","openid","https://www.googleapis.com/auth/cloudplatformprojects.readonly","https://www.googleapis.com/auth/firebase","https://www.googleapis.com/auth/cloud-platform"]
[debug] [2024-05-31T04:40:45.590Z] > authorizing via signed-in user (nahomikumbi@gmail.com)
[info] i  emulators: Starting emulators: functions {"metadata":{"emulator":{"name":"hub"},"message":"Starting emulators: functions"}}
[debug] [2024-05-31T04:40:45.603Z] [logging] Logging Emulator only supports listening on one address (127.0.0.1). Not listening on ::1
[warn] !  ui: Emulator UI unable to start on port 4000, starting on 4005 instead. {"metadata":{"emulator":{"name":"ui"},"message":"Emulator UI unable to start on port 4000, starting on 4005 instead."}}
[debug] [2024-05-31T04:40:45.609Z] assigned listening specs for emulators {"user":{"hub":[{"address":"127.0.0.1","family":"IPv4","port":4400},{"address":"::1","family":"IPv6","port":4400}],"logging":[{"address":"127.0.0.1","family":"IPv4","port":4500}],"ui":[{"address":"127.0.0.1","family":"IPv4","port":4005},{"address":"::1","family":"IPv6","port":4005}]},"metadata":{"message":"assigned listening specs for emulators"}}
[warn] !  emulators: It seems that you are running multiple instances of the emulator suite for project clone-6e1f6. This may result in unexpected behavior. 
[debug] [2024-05-31T04:40:45.616Z] [hub] writing locator at C:\Users\NAHOMI~1\AppData\Local\Temp\hub-clone-6e1f6.json
[debug] [2024-05-31T04:40:45.675Z] [functions] Functions Emulator only supports listening on one address (127.0.0.1). Not listening on ::1
[debug] [2024-05-31T04:40:45.676Z] [eventarc] Eventarc Emulator only supports listening on one address (127.0.0.1). Not listening on ::1
[debug] [2024-05-31T04:40:45.676Z] late-assigned ports for functions and eventarc emulators {"user":{"hub":[{"address":"127.0.0.1","family":"IPv4","port":4400},{"address":"::1","family":"IPv6","port":4400}],"logging":[{"address":"127.0.0.1","family":"IPv4","port":4500}],"ui":[{"address":"127.0.0.1","family":"IPv4","port":4005},{"address":"::1","family":"IPv6","port":4005}],"functions":[{"address":"127.0.0.1","family":"IPv4","port":5001}],"eventarc":[{"address":"127.0.0.1","family":"IPv4","port":9299}]},"metadata":{"message":"late-assigned ports for functions and eventarc emulators"}}
[warn] !  functions: The following emulators are not running, calls to these services from the Functions emulator will affect production: auth, firestore, database, hosting, pubsub, storage, dataconnect {"metadata":{"emulator":{"name":"functions"},"message":"The following emulators are not running, calls to these services from the Functions emulator will affect production: \u001b[1mauth, firestore, database, hosting, pubsub, storage, dataconnect\u001b[22m"}}
[debug] [2024-05-31T04:40:45.690Z] defaultcredentials: writing to file C:\Users\Nahomi K\AppData\Roaming\firebase\nahomikumbi_gmail_com_application_default_credentials.json
[debug] [2024-05-31T04:40:45.704Z] Setting GAC to C:\Users\Nahomi K\AppData\Roaming\firebase\nahomikumbi_gmail_com_application_default_credentials.json {"metadata":{"emulator":{"name":"functions"},"message":"Setting GAC to C:\\Users\\Nahomi K\\AppData\\Roaming\\firebase\\nahomikumbi_gmail_com_application_default_credentials.json"}}
[debug] [2024-05-31T04:40:45.705Z] > refreshing access token with scopes: []
[debug] [2024-05-31T04:40:45.706Z] >>> [apiv2][query] POST https://www.googleapis.com/oauth2/v3/token [none]
[debug] [2024-05-31T04:40:45.706Z] >>> [apiv2][body] POST https://www.googleapis.com/oauth2/v3/token [omitted]
[debug] [2024-05-31T04:40:45.795Z] <<< [apiv2][status] GET https://firebase-public.firebaseio.com/cli.json 200
[debug] [2024-05-31T04:40:45.796Z] <<< [apiv2][body] GET https://firebase-public.firebaseio.com/cli.json {"cloudBuildErrorAfter":1594252800000,"cloudBuildWarnAfter":1590019200000,"defaultNode10After":1594252800000,"minVersion":"3.0.5","node8DeploysDisabledAfter":1613390400000,"node8RuntimeDisabledAfter":1615809600000,"node8WarnAfter":1600128000000}
[debug] [2024-05-31T04:40:45.878Z] <<< [apiv2][status] POST https://www.googleapis.com/oauth2/v3/token 200
[debug] [2024-05-31T04:40:45.879Z] <<< [apiv2][body] POST https://www.googleapis.com/oauth2/v3/token [omitted]
[debug] [2024-05-31T04:40:45.894Z] >>> [apiv2][query] GET https://firebase.googleapis.com/v1beta1/projects/clone-6e1f6/adminSdkConfig [none]
[debug] [2024-05-31T04:40:46.283Z] <<< [apiv2][status] GET https://firebase.googleapis.com/v1beta1/projects/clone-6e1f6/adminSdkConfig 200
[debug] [2024-05-31T04:40:46.283Z] <<< [apiv2][body] GET https://firebase.googleapis.com/v1beta1/projects/clone-6e1f6/adminSdkConfig {"projectId":"clone-6e1f6","storageBucket":"clone-6e1f6.appspot.com"}
[debug] [2024-05-31T04:40:46.309Z] Ignoring unsupported arg: auto_download {"metadata":{"emulator":{"name":"ui"},"message":"Ignoring unsupported arg: auto_download"}}
[debug] [2024-05-31T04:40:46.309Z] Ignoring unsupported arg: port {"metadata":{"emulator":{"name":"ui"},"message":"Ignoring unsupported arg: port"}}
[debug] [2024-05-31T04:40:46.309Z] Starting Emulator UI with command {"binary":"node","args":["C:\\Users\\Nahomi K\\.cache\\firebase\\emulators\\ui-v1.12.1\\server\\server.mjs"],"optionalArgs":[],"joinArgs":false,"shell":false} {"metadata":{"emulator":{"name":"ui"},"message":"Starting Emulator UI with command {\"binary\":\"node\",\"args\":[\"C:\\\\Users\\\\Nahomi K\\\\.cache\\\\firebase\\\\emulators\\\\ui-v1.12.1\\\\server\\\\server.mjs\"],\"optionalArgs\":[],\"joinArgs\":false,\"shell\":false}"}}
[info] i  ui: Emulator UI logging to ui-debug.log {"metadata":{"emulator":{"name":"ui"},"message":"Emulator UI logging to \u001b[1mui-debug.log\u001b[22m"}}
[debug] [2024-05-31T04:40:46.490Z] Web / API server started at 127.0.0.1:4005
 {"metadata":{"emulator":{"name":"ui"},"message":"Web / API server started at 127.0.0.1:4005\n"}}
[debug] [2024-05-31T04:40:46.491Z] Web / API server started at ::1:4005
 {"metadata":{"emulator":{"name":"ui"},"message":"Web / API server started at ::1:4005\n"}}
[info] i  functions: Watching "C:\Users\Nahomi K\Desktop\Evangadi\Phase-4\Amazon-clone2024\Amazon\functions" for Cloud Functions... {"metadata":{"emulator":{"name":"functions"},"message":"Watching \"C:\\Users\\Nahomi K\\Desktop\\Evangadi\\Phase-4\\Amazon-clone2024\\Amazon\\functions\" for Cloud Functions..."}}
[debug] [2024-05-31T04:40:46.541Z] Validating nodejs source
[debug] [2024-05-31T04:40:49.051Z] > [functions] package.json contents: {
  "name": "functions",
  "description": "Cloud Functions for Firebase",
  "scripts": {
    "serve": "firebase emulators:start --only functions",
    "shell": "firebase functions:shell",
    "start": "npm run shell",
    "deploy": "firebase deploy --only functions",
    "logs": "firebase functions:log"
  },
  "engines": {
    "node": "18"
  },
  "main": "index.js",
  "dependencies": {
    "cors": "^2.8.5",
    "dotenv": "^16.4.5",
    "express": "^4.19.2",
    "firebase-admin": "^12.1.0",
    "firebase-functions": "^5.0.0",
    "stripe": "^15.8.0"
  },
  "devDependencies": {
    "firebase-functions-test": "^3.1.0"
  },
  "private": true
}
[debug] [2024-05-31T04:40:49.051Z] Building nodejs source
[debug] [2024-05-31T04:40:49.052Z] Failed to find version of module node: reached end of search path C:\Users\Nahomi K\Desktop\Evangadi\Phase-4\Amazon-clone2024\Amazon\functions\node_modules
[warn] !  functions: Your requested "node" version "18" doesn't match your global version "20". Using node@20 from host. 
[info] i  functions: Loaded environment variables from .env. 
[debug] [2024-05-31T04:40:49.060Z] Could not find functions.yaml. Must use http discovery
[debug] [2024-05-31T04:40:49.073Z] Found firebase-functions binary at 'C:\Users\Nahomi K\Desktop\Evangadi\Phase-4\Amazon-clone2024\Amazon\functions\node_modules\.bin\firebase-functions'
[info] Serving at port 8945

[error] ReferenceError: setGlobalOptions is not defined
    at Object.<anonymous> (C:\Users\Nahomi K\Desktop\Evangadi\Phase-4\Amazon-clone2024\Amazon\functions\index.js:10:1)
    at Module._compile (node:internal/modules/cjs/loader:1376:14)
    at Module._extensions..js (node:internal/modules/cjs/loader:1435:10)
    at Module.load (node:internal/modules/cjs/loader:1207:32)
    at Module._load (node:internal/modules/cjs/loader:1023:12)
    at Module.require (node:internal/modules/cjs/loader:1235:19)
    at require (node:internal/modules/helpers:176:18)
    at loadModule (C:\Users\Nahomi K\Desktop\Evangadi\Phase-4\Amazon-clone2024\Amazon\functions\node_modules\firebase-functions\lib\runtime\loader.js:40:16)
    at loadStack (C:\Users\Nahomi K\Desktop\Evangadi\Phase-4\Amazon-clone2024\Amazon\functions\node_modules\firebase-functions\lib\runtime\loader.js:93:23)
    at C:\Users\Nahomi K\Desktop\Evangadi\Phase-4\Amazon-clone2024\Amazon\functions\node_modules\firebase-functions\lib\bin\firebase-functions.js:56:56

[debug] [2024-05-31T04:40:50.655Z] Got response code 400; body Failed to generate manifest from function source: ReferenceError: setGlobalOptions is not defined
[error] !!  functions: Failed to load function definition from source: FirebaseError: Functions codebase could not be analyzed successfully. It may have a syntax or runtime error {"metadata":{"emulator":{"name":"functions"},"message":"Failed to load function definition from source: FirebaseError: Functions codebase could not be analyzed successfully. It may have a syntax or runtime error"}}
[info] 
┌─────────────────────────────────────────────────────────────┐
│ ✔  All emulators ready! It is now safe to connect your app. │
│ i  View Emulator UI at http://127.0.0.1:4005/               │
└─────────────────────────────────────────────────────────────┘

┌───────────┬────────────────┬─────────────────────────────────┐
│ Emulator  │ Host:Port      │ View in Emulator UI             │
├───────────┼────────────────┼─────────────────────────────────┤
│ Functions │ 127.0.0.1:5001 │ http://127.0.0.1:4005/functions │
└───────────┴────────────────┴─────────────────────────────────┘
  Emulator Hub running at 127.0.0.1:4400
  Other reserved ports: 4500

Issues? Report them at https://github.com/firebase/firebase-tools/issues and attach the *-debug.log files.
 
[debug] [2024-05-31T04:41:15.335Z] [work-queue] {"queuedWork":["/clone-6e1f6/us-central1/api-2024-05-31T04:41:15.334Z"],"queueLength":1,"runningWork":[],"workRunningCount":0}
[debug] [2024-05-31T04:41:15.337Z] [work-queue] {"queuedWork":[],"queueLength":0,"runningWork":["/clone-6e1f6/us-central1/api-2024-05-31T04:41:15.334Z"],"workRunningCount":1}
[debug] [2024-05-31T04:41:15.345Z] [work-queue] {"queuedWork":[],"queueLength":0,"runningWork":[],"workRunningCount":0}
[debug] [2024-05-31T04:41:15.518Z] Functions emulator received unknown request at path /favicon.ico
[debug] [2024-05-31T04:44:18.315Z] [work-queue] {"queuedWork":["/clone-6e1f6/us-central1/api-2024-05-31T04:44:18.315Z"],"queueLength":1,"runningWork":[],"workRunningCount":0}
[debug] [2024-05-31T04:44:18.317Z] [work-queue] {"queuedWork":[],"queueLength":0,"runningWork":["/clone-6e1f6/us-central1/api-2024-05-31T04:44:18.315Z"],"workRunningCount":1}
[debug] [2024-05-31T04:44:18.320Z] [work-queue] {"queuedWork":[],"queueLength":0,"runningWork":[],"workRunningCount":0}
[debug] [2024-05-31T04:46:10.397Z] File C:\Users\Nahomi K\Desktop\Evangadi\Phase-4\Amazon-clone2024\Amazon\functions\package.json changed, reloading triggers {"metadata":{"emulator":{"name":"functions"},"message":"File C:\\Users\\Nahomi K\\Desktop\\Evangadi\\Phase-4\\Amazon-clone2024\\Amazon\\functions\\package.json changed, reloading triggers"}}
[debug] [2024-05-31T04:46:11.398Z] Validating nodejs source
[debug] [2024-05-31T04:46:13.799Z] > [functions] package.json contents: {
  "name": "functions",
  "description": "Cloud Functions for Firebase",
  "scripts": {
    "serve": "firebase emulators:start --only functions",
    "shell": "firebase functions:shell",
    "start": "npm run shell",
    "deploy": "firebase deploy --only functions",
    "logs": "firebase functions:log"
  },
  "engines": {
    "node": "20"
  },
  "main": "index.js",
  "dependencies": {
    "cors": "^2.8.5",
    "dotenv": "^16.4.5",
    "express": "^4.19.2",
    "firebase-admin": "^12.1.0",
    "firebase-functions": "^5.0.0",
    "stripe": "^15.8.0"
  },
  "devDependencies": {
    "firebase-functions-test": "^3.1.0"
  },
  "private": true
}
[debug] [2024-05-31T04:46:13.799Z] Building nodejs source
[debug] [2024-05-31T04:46:13.800Z] Failed to find version of module node: reached end of search path C:\Users\Nahomi K\Desktop\Evangadi\Phase-4\Amazon-clone2024\Amazon\functions\node_modules
[warn] !  functions: Your requested "node" version "18" doesn't match your global version "20". Using node@20 from host. 
[info] i  functions: Loaded environment variables from .env. 
[debug] [2024-05-31T04:46:13.811Z] Could not find functions.yaml. Must use http discovery
[debug] [2024-05-31T04:46:13.827Z] Found firebase-functions binary at 'C:\Users\Nahomi K\Desktop\Evangadi\Phase-4\Amazon-clone2024\Amazon\functions\node_modules\.bin\firebase-functions'
[debug] [2024-05-31T04:46:13.857Z] File C:\Users\Nahomi K\Desktop\Evangadi\Phase-4\Amazon-clone2024\Amazon\functions\package.json changed, reloading triggers {"metadata":{"emulator":{"name":"functions"},"message":"File C:\\Users\\Nahomi K\\Desktop\\Evangadi\\Phase-4\\Amazon-clone2024\\Amazon\\functions\\package.json changed, reloading triggers"}}
[info] Serving at port 8501

[debug] [2024-05-31T04:46:14.859Z] Validating nodejs source
[debug] [2024-05-31T04:46:17.139Z] > [functions] package.json contents: {
  "name": "functions",
  "description": "Cloud Functions for Firebase",
  "scripts": {
    "serve": "firebase emulators:start --only functions",
    "shell": "firebase functions:shell",
    "start": "npm run shell",
    "deploy": "firebase deploy --only functions",
    "logs": "firebase functions:log"
  },
  "engines": {
    "node": "20"
  },
  "main": "index.js",
  "dependencies": {
    "cors": "^2.8.5",
    "dotenv": "^16.4.5",
    "express": "^4.19.2",
    "firebase-admin": "^12.1.0",
    "firebase-functions": "^5.0.0",
    "stripe": "^15.8.0"
  },
  "devDependencies": {
    "firebase-functions-test": "^3.1.0"
  },
  "private": true
}
[debug] [2024-05-31T04:46:17.139Z] Building nodejs source
[debug] [2024-05-31T04:46:17.139Z] Failed to find version of module node: reached end of search path C:\Users\Nahomi K\Desktop\Evangadi\Phase-4\Amazon-clone2024\Amazon\functions\node_modules
[warn] !  functions: Your requested "node" version "18" doesn't match your global version "20". Using node@20 from host. 
[info] i  functions: Loaded environment variables from .env. 
[debug] [2024-05-31T04:46:17.141Z] Could not find functions.yaml. Must use http discovery
[debug] [2024-05-31T04:46:17.149Z] Found firebase-functions binary at 'C:\Users\Nahomi K\Desktop\Evangadi\Phase-4\Amazon-clone2024\Amazon\functions\node_modules\.bin\firebase-functions'
[error] ReferenceError: setGlobalOptions is not defined
    at Object.<anonymous> (C:\Users\Nahomi K\Desktop\Evangadi\Phase-4\Amazon-clone2024\Amazon\functions\index.js:10:1)
    at Module._compile (node:internal/modules/cjs/loader:1376:14)
    at Module._extensions..js (node:internal/modules/cjs/loader:1435:10)
    at Module.load (node:internal/modules/cjs/loader:1207:32)
    at Module._load (node:internal/modules/cjs/loader:1023:12)
    at Module.require (node:internal/modules/cjs/loader:1235:19)
    at require (node:internal/modules/helpers:176:18)
    at loadModule (C:\Users\Nahomi K\Desktop\Evangadi\Phase-4\Amazon-clone2024\Amazon\functions\node_modules\firebase-functions\lib\runtime\loader.js:40:16)
    at loadStack (C:\Users\Nahomi K\Desktop\Evangadi\Phase-4\Amazon-clone2024\Amazon\functions\node_modules\firebase-functions\lib\runtime\loader.js:93:23)
    at C:\Users\Nahomi K\Desktop\Evangadi\Phase-4\Amazon-clone2024\Amazon\functions\node_modules\firebase-functions\lib\bin\firebase-functions.js:56:56

[debug] [2024-05-31T04:46:17.170Z] Got response code 400; body Failed to generate manifest from function source: ReferenceError: setGlobalOptions is not defined
[info] Serving at port 8562

[error] ReferenceError: setGlobalOptions is not defined
    at Object.<anonymous> (C:\Users\Nahomi K\Desktop\Evangadi\Phase-4\Amazon-clone2024\Amazon\functions\index.js:10:1)
    at Module._compile (node:internal/modules/cjs/loader:1376:14)
    at Module._extensions..js (node:internal/modules/cjs/loader:1435:10)
    at Module.load (node:internal/modules/cjs/loader:1207:32)
    at Module._load (node:internal/modules/cjs/loader:1023:12)
    at Module.require (node:internal/modules/cjs/loader:1235:19)
    at require (node:internal/modules/helpers:176:18)
    at loadModule (C:\Users\Nahomi K\Desktop\Evangadi\Phase-4\Amazon-clone2024\Amazon\functions\node_modules\firebase-functions\lib\runtime\loader.js:40:16)
    at loadStack (C:\Users\Nahomi K\Desktop\Evangadi\Phase-4\Amazon-clone2024\Amazon\functions\node_modules\firebase-functions\lib\runtime\loader.js:93:23)
    at C:\Users\Nahomi K\Desktop\Evangadi\Phase-4\Amazon-clone2024\Amazon\functions\node_modules\firebase-functions\lib\bin\firebase-functions.js:56:56

[debug] [2024-05-31T04:46:17.980Z] Got response code 400; body Failed to generate manifest from function source: ReferenceError: setGlobalOptions is not defined
[error] !!  functions: Failed to load function definition from source: FirebaseError: Functions codebase could not be analyzed successfully. It may have a syntax or runtime error {"metadata":{"emulator":{"name":"functions"},"message":"Failed to load function definition from source: FirebaseError: Functions codebase could not be analyzed successfully. It may have a syntax or runtime error"}}
[error] !!  functions: Failed to load function definition from source: FirebaseError: Functions codebase could not be analyzed successfully. It may have a syntax or runtime error {"metadata":{"emulator":{"name":"functions"},"message":"Failed to load function definition from source: FirebaseError: Functions codebase could not be analyzed successfully. It may have a syntax or runtime error"}}
[debug] [2024-05-31T04:54:45.638Z] [work-queue] {"queuedWork":["/clone-6e1f6/us-central1/api/payment/create-2024-05-31T04:54:45.638Z"],"queueLength":1,"runningWork":[],"workRunningCount":0}
[debug] [2024-05-31T04:54:45.638Z] [work-queue] {"queuedWork":[],"queueLength":0,"runningWork":["/clone-6e1f6/us-central1/api/payment/create-2024-05-31T04:54:45.638Z"],"workRunningCount":1}
[debug] [2024-05-31T04:54:45.639Z] [work-queue] {"queuedWork":[],"queueLength":0,"runningWork":[],"workRunningCount":0}
[debug] [2024-05-31T04:54:46.281Z] [work-queue] {"queuedWork":["/clone-6e1f6/us-central1/api/payment/create-2024-05-31T04:54:46.281Z"],"queueLength":1,"runningWork":[],"workRunningCount":0}
[debug] [2024-05-31T04:54:46.281Z] [work-queue] {"queuedWork":[],"queueLength":0,"runningWork":["/clone-6e1f6/us-central1/api/payment/create-2024-05-31T04:54:46.281Z"],"workRunningCount":1}
[debug] [2024-05-31T04:54:46.282Z] [work-queue] {"queuedWork":[],"queueLength":0,"runningWork":[],"workRunningCount":0}
[debug] [2024-05-31T04:54:46.769Z] [work-queue] {"queuedWork":["/clone-6e1f6/us-central1/api/payment/create-2024-05-31T04:54:46.769Z"],"queueLength":1,"runningWork":[],"workRunningCount":0}
[debug] [2024-05-31T04:54:46.770Z] [work-queue] {"queuedWork":[],"queueLength":0,"runningWork":["/clone-6e1f6/us-central1/api/payment/create-2024-05-31T04:54:46.769Z"],"workRunningCount":1}
[debug] [2024-05-31T04:54:46.771Z] [work-queue] {"queuedWork":[],"queueLength":0,"runningWork":[],"workRunningCount":0}
[debug] [2024-05-31T04:54:47.015Z] [work-queue] {"queuedWork":["/clone-6e1f6/us-central1/api/payment/create-2024-05-31T04:54:47.015Z"],"queueLength":1,"runningWork":[],"workRunningCount":0}
[debug] [2024-05-31T04:54:47.015Z] [work-queue] {"queuedWork":[],"queueLength":0,"runningWork":["/clone-6e1f6/us-central1/api/payment/create-2024-05-31T04:54:47.015Z"],"workRunningCount":1}
[debug] [2024-05-31T04:54:47.016Z] [work-queue] {"queuedWork":[],"queueLength":0,"runningWork":[],"workRunningCount":0}
[debug] [2024-05-31T04:57:43.173Z] File C:\Users\Nahomi K\Desktop\Evangadi\Phase-4\Amazon-clone2024\Amazon\functions\index.js changed, reloading triggers {"metadata":{"emulator":{"name":"functions"},"message":"File C:\\Users\\Nahomi K\\Desktop\\Evangadi\\Phase-4\\Amazon-clone2024\\Amazon\\functions\\index.js changed, reloading triggers"}}
